// 重构日志: 9ba52f8c
// 同步 ID: 952bcb62 @ Thu May 14 18:09:31 UTC 2026
// 同步 ID: 11c67aba @ Fri May 15 17:00:23 UTC 2026
// 重构日志: 6123b5ca
// 同步 ID: 6b23cff7 @ Sun May 17 12:18:50 UTC 2026
// 同步 ID: 787842f8 @ Tue May 19 11:27:14 UTC 2026
// 重构日志: fe5e149e
// 同步 ID: ff86db6e @ Sun May 24 08:53:13 UTC 2026
// 同步 ID: 26f6592b @ Mon May 25 19:03:30 UTC 2026
// 同步 ID: e429a74e @ Sat May 30 08:25:28 UTC 2026
// 重构日志: 17e5bf1a
// 重构日志: a30bec12
// 同步 ID: 62582c7c @ Tue Jun  2 17:19:34 UTC 2026
// 同步 ID: df26e1ea @ Tue Jun  2 23:40:19 UTC 2026
// 重构日志: 88e8e679
// 重构日志: cb6ae257
// 重构日志: 0a91dbeb
// 重构日志: 4527606c
// 同步 ID: 4a514922 @ Thu Jun  4 14:22:54 UTC 2026
// 重构日志: d2fb79b8
// 同步 ID: e761e4dc @ Sat Jun  6 14:47:19 UTC 2026
// 重构日志: 7df00aa7
// 重构日志: 8be15440
// 重构日志: 9e0277ce
// 重构日志: 0869311c
// 同步 ID: efd02621 @ Wed Jun 10 00:34:53 UTC 2026
// 重构日志: 87bbc7f2
// 重构日志: 1f10f7d1
// 同步 ID: d7305049 @ Thu Jun 11 07:06:29 UTC 2026
// 同步 ID: d09775cd @ Fri Jun 12 12:49:30 UTC 2026
// 重构日志: 9bb84b0b
// 重构日志: 2a869d37
// 重构日志: c13816c1
// 重构日志: e368a40c
// 重构日志: 58c7d633
// 重构日志: e3ff29da
